0,READY,process_name=P0,assigned_at=0
0,RUNNING,process_name=P0,remaining_time=100
30,READY,process_name=P1,assigned_at=1024
30,RUNNING,process_name=P1,remaining_time=100
33,RUNNING,process_name=P0,remaining_time=70
36,RUNNING,process_name=P1,remaining_time=97
39,RUNNING,process_name=P0,remaining_time=67
42,RUNNING,process_name=P1,remaining_time=94
45,RUNNING,process_name=P0,remaining_time=64
48,RUNNING,process_name=P1,remaining_time=91
51,RUNNING,process_name=P0,remaining_time=61
54,RUNNING,process_name=P1,remaining_time=88
57,RUNNING,process_name=P0,remaining_time=58
60,READY,process_name=P2,assigned_at=1536
60,RUNNING,process_name=P1,remaining_time=85
63,RUNNING,process_name=P2,remaining_time=50
66,RUNNING,process_name=P0,remaining_time=55
69,RUNNING,process_name=P1,remaining_time=82
72,RUNNING,process_name=P2,remaining_time=47
75,RUNNING,process_name=P0,remaining_time=52
78,RUNNING,process_name=P1,remaining_time=79
81,RUNNING,process_name=P2,remaining_time=44
84,RUNNING,process_name=P0,remaining_time=49
87,RUNNING,process_name=P1,remaining_time=76
90,RUNNING,process_name=P2,remaining_time=41
93,RUNNING,process_name=P0,remaining_time=46
96,RUNNING,process_name=P1,remaining_time=73
99,RUNNING,process_name=P2,remaining_time=38
102,RUNNING,process_name=P0,remaining_time=43
105,RUNNING,process_name=P1,remaining_time=70
108,RUNNING,process_name=P2,remaining_time=35
111,RUNNING,process_name=P0,remaining_time=40
114,RUNNING,process_name=P1,remaining_time=67
117,RUNNING,process_name=P2,remaining_time=32
120,RUNNING,process_name=P0,remaining_time=37
123,RUNNING,process_name=P1,remaining_time=64
126,RUNNING,process_name=P2,remaining_time=29
129,RUNNING,process_name=P0,remaining_time=34
132,RUNNING,process_name=P1,remaining_time=61
135,RUNNING,process_name=P2,remaining_time=26
138,RUNNING,process_name=P0,remaining_time=31
141,RUNNING,process_name=P1,remaining_time=58
144,RUNNING,process_name=P2,remaining_time=23
147,RUNNING,process_name=P0,remaining_time=28
150,RUNNING,process_name=P1,remaining_time=55
153,RUNNING,process_name=P2,remaining_time=20
156,RUNNING,process_name=P0,remaining_time=25
159,RUNNING,process_name=P1,remaining_time=52
162,RUNNING,process_name=P2,remaining_time=17
165,RUNNING,process_name=P0,remaining_time=22
168,RUNNING,process_name=P1,remaining_time=49
171,RUNNING,process_name=P2,remaining_time=14
174,RUNNING,process_name=P0,remaining_time=19
177,RUNNING,process_name=P1,remaining_time=46
180,RUNNING,process_name=P2,remaining_time=11
183,RUNNING,process_name=P0,remaining_time=16
186,RUNNING,process_name=P1,remaining_time=43
189,RUNNING,process_name=P2,remaining_time=8
192,RUNNING,process_name=P0,remaining_time=13
195,RUNNING,process_name=P1,remaining_time=40
198,RUNNING,process_name=P2,remaining_time=5
201,RUNNING,process_name=P0,remaining_time=10
204,RUNNING,process_name=P1,remaining_time=37
207,RUNNING,process_name=P2,remaining_time=2
210,FINISHED,process_name=P2,proc_remaining=3
210,FINISHED-PROCESS,process_name=P2,sha=8956bfee821b54967cb55d63632f1682696246316d1480bb95e24ac0c09a8634
210,READY,process_name=P4,assigned_at=1536
210,RUNNING,process_name=P0,remaining_time=7
213,RUNNING,process_name=P1,remaining_time=34
216,RUNNING,process_name=P4,remaining_time=30
219,RUNNING,process_name=P0,remaining_time=4
222,RUNNING,process_name=P1,remaining_time=31
225,RUNNING,process_name=P4,remaining_time=27
228,RUNNING,process_name=P0,remaining_time=1
231,FINISHED,process_name=P0,proc_remaining=2
231,FINISHED-PROCESS,process_name=P0,sha=e04e6f22e60b922b2f858a6fb43c50fa2fd4df8307d63d9f6bc6c7eeef2b194a
231,RUNNING,process_name=P1,remaining_time=28
234,RUNNING,process_name=P4,remaining_time=24
237,RUNNING,process_name=P1,remaining_time=25
240,RUNNING,process_name=P4,remaining_time=21
243,RUNNING,process_name=P1,remaining_time=22
246,RUNNING,process_name=P4,remaining_time=18
249,RUNNING,process_name=P1,remaining_time=19
252,RUNNING,process_name=P4,remaining_time=15
255,RUNNING,process_name=P1,remaining_time=16
258,RUNNING,process_name=P4,remaining_time=12
261,RUNNING,process_name=P1,remaining_time=13
264,RUNNING,process_name=P4,remaining_time=9
267,RUNNING,process_name=P1,remaining_time=10
270,RUNNING,process_name=P4,remaining_time=6
273,RUNNING,process_name=P1,remaining_time=7
276,RUNNING,process_name=P4,remaining_time=3
279,FINISHED,process_name=P4,proc_remaining=1
279,FINISHED-PROCESS,process_name=P4,sha=6acc19b196831d3d64b4f6c3d3eff61c196203040de8cb638e4f5fe08e064dad
279,RUNNING,process_name=P1,remaining_time=4
285,FINISHED,process_name=P1,proc_remaining=0
285,FINISHED-PROCESS,process_name=P1,sha=37773bcfaf6a24516e46c3d7ba64587f088d984c67ce708cc23203ce46984323
Turnaround time 204
Time overhead 5.97 3.46
Makespan 285
