0,RUNNING,process_name=P0,remaining_time=15
15,FINISHED,process_name=P0,proc_remaining=0
15,RUNNING,process_name=P1,remaining_time=90
105,FINISHED,process_name=P1,proc_remaining=13
105,RUNNING,process_name=P13,remaining_time=8
114,FINISHED,process_name=P13,proc_remaining=12
114,RUNNING,process_name=P4,remaining_time=27
141,FINISHED,process_name=P4,proc_remaining=11
141,RUNNING,process_name=P9,remaining_time=33
174,FINISHED,process_name=P9,proc_remaining=10
174,RUNNING,process_name=P10,remaining_time=50
225,FINISHED,process_name=P10,proc_remaining=9
225,RUNNING,process_name=P6,remaining_time=52
279,FINISHED,process_name=P6,proc_remaining=8
279,RUNNING,process_name=P11,remaining_time=53
333,FINISHED,process_name=P11,proc_remaining=7
333,RUNNING,process_name=P2,remaining_time=57
390,FINISHED,process_name=P2,proc_remaining=6
390,RUNNING,process_name=P12,remaining_time=63
453,FINISHED,process_name=P12,proc_remaining=5
453,RUNNING,process_name=P5,remaining_time=65
519,FINISHED,process_name=P5,proc_remaining=4
519,RUNNING,process_name=P3,remaining_time=74
594,FINISHED,process_name=P3,proc_remaining=3
594,RUNNING,process_name=P8,remaining_time=85
681,FINISHED,process_name=P8,proc_remaining=2
681,RUNNING,process_name=P14,remaining_time=103
786,FINISHED,process_name=P14,proc_remaining=1
786,RUNNING,process_name=P7,remaining_time=123
909,FINISHED,process_name=P7,proc_remaining=0
Turnaround time 330
Time overhead 7.80 4.80
Makespan 909
