0,RUNNING,process_name=P0,remaining_time=15
15,FINISHED,process_name=P0,proc_remaining=0
15,FINISHED-PROCESS,process_name=P0,sha=82caf91d79bdc649ba17f62c76a5c237a2cac77e6eed3bfbd3badbc39dfae2f1
15,RUNNING,process_name=P1,remaining_time=90
105,FINISHED,process_name=P1,proc_remaining=13
105,FINISHED-PROCESS,process_name=P1,sha=a14460cac4283aa7062727be008f4d30fbe45b312939a2395d9e6b1d1834c679
105,RUNNING,process_name=P13,remaining_time=8
114,FINISHED,process_name=P13,proc_remaining=12
114,FINISHED-PROCESS,process_name=P13,sha=210cc4239fc546bd12641aab10566b838804b957b72da95d5305f3a6814bc869
114,RUNNING,process_name=P4,remaining_time=27
141,FINISHED,process_name=P4,proc_remaining=11
141,FINISHED-PROCESS,process_name=P4,sha=d57d6349dd0bbd4f5c8a2f5f38b76eda01c3058adfffb30c345a7fbbc6138982
141,RUNNING,process_name=P9,remaining_time=33
174,FINISHED,process_name=P9,proc_remaining=10
174,FINISHED-PROCESS,process_name=P9,sha=57195a010577087ea7f74e150467b960062887399104283d0d5d46b7c657150d
174,RUNNING,process_name=P10,remaining_time=50
225,FINISHED,process_name=P10,proc_remaining=9
225,FINISHED-PROCESS,process_name=P10,sha=48e1bd767cdb993816a8886db132cfef4dad00515c0450073e84960e8953ec08
225,RUNNING,process_name=P6,remaining_time=52
279,FINISHED,process_name=P6,proc_remaining=8
279,FINISHED-PROCESS,process_name=P6,sha=e37817204b9ce04712ca39c6ad50a1163a0eb2ecfb6fda954bf567a8713acf93
279,RUNNING,process_name=P11,remaining_time=53
333,FINISHED,process_name=P11,proc_remaining=7
333,FINISHED-PROCESS,process_name=P11,sha=9ac0e045a2c39b03137282d41c69d227fd53dfdf24905de56397c4ebcd2eca38
333,RUNNING,process_name=P2,remaining_time=57
390,FINISHED,process_name=P2,proc_remaining=6
390,FINISHED-PROCESS,process_name=P2,sha=576ab68738f83c22d78f30d6a161478711272865c77fe35fefb22fdc2f7928de
390,RUNNING,process_name=P12,remaining_time=63
453,FINISHED,process_name=P12,proc_remaining=5
453,FINISHED-PROCESS,process_name=P12,sha=76a0fbb69556385cde3e3d072169c981936c1c749d2f007822a06d051b08c299
453,RUNNING,process_name=P5,remaining_time=65
519,FINISHED,process_name=P5,proc_remaining=4
519,FINISHED-PROCESS,process_name=P5,sha=6022568879b015df1001674b4f97b459c142aa63958b53a89724f33812911b86
519,RUNNING,process_name=P3,remaining_time=74
594,FINISHED,process_name=P3,proc_remaining=3
594,FINISHED-PROCESS,process_name=P3,sha=db1ca894e62131f6a6531c109ceb351fe7d56a65ae00196a4026827a277c9672
594,RUNNING,process_name=P8,remaining_time=85
681,FINISHED,process_name=P8,proc_remaining=2
681,FINISHED-PROCESS,process_name=P8,sha=9afede88e91f7f6085839e6d8d6df78e1b07a65b008c59f7ba9e773961fc3256
681,RUNNING,process_name=P14,remaining_time=103
786,FINISHED,process_name=P14,proc_remaining=1
786,FINISHED-PROCESS,process_name=P14,sha=4f8a02632772135323749e0564a178abced1b68f809868bae9edaeec70c9c457
786,RUNNING,process_name=P7,remaining_time=123
909,FINISHED,process_name=P7,proc_remaining=0
909,FINISHED-PROCESS,process_name=P7,sha=8c3d516efec5da9b31ae98bd8c18d25542249d60618c660a56e4f01157323412
Turnaround time 330
Time overhead 7.80 4.80
Makespan 909
