0,RUNNING,process_name=P1,remaining_time=50
12,RUNNING,process_name=P2,remaining_time=30
15,RUNNING,process_name=P1,remaining_time=38
18,RUNNING,process_name=P2,remaining_time=27
21,RUNNING,process_name=P1,remaining_time=35
24,RUNNING,process_name=P2,remaining_time=24
27,RUNNING,process_name=P1,remaining_time=32
30,RUNNING,process_name=P2,remaining_time=21
33,RUNNING,process_name=P1,remaining_time=29
36,RUNNING,process_name=P2,remaining_time=18
39,RUNNING,process_name=P1,remaining_time=26
42,RUNNING,process_name=P2,remaining_time=15
45,RUNNING,process_name=P5,remaining_time=80
48,RUNNING,process_name=P1,remaining_time=23
51,RUNNING,process_name=P2,remaining_time=12
54,RUNNING,process_name=P5,remaining_time=77
57,RUNNING,process_name=P4,remaining_time=10
60,RUNNING,process_name=P1,remaining_time=20
63,RUNNING,process_name=P2,remaining_time=9
66,RUNNING,process_name=P5,remaining_time=74
69,RUNNING,process_name=P4,remaining_time=7
72,RUNNING,process_name=P1,remaining_time=17
75,RUNNING,process_name=P2,remaining_time=6
78,RUNNING,process_name=P5,remaining_time=71
81,RUNNING,process_name=P4,remaining_time=4
84,RUNNING,process_name=P1,remaining_time=14
87,RUNNING,process_name=P2,remaining_time=3
90,FINISHED,process_name=P2,proc_remaining=3
90,RUNNING,process_name=P5,remaining_time=68
93,RUNNING,process_name=P4,remaining_time=1
96,FINISHED,process_name=P4,proc_remaining=2
96,RUNNING,process_name=P1,remaining_time=11
99,RUNNING,process_name=P5,remaining_time=65
102,RUNNING,process_name=P1,remaining_time=8
105,RUNNING,process_name=P5,remaining_time=62
108,RUNNING,process_name=P1,remaining_time=5
111,RUNNING,process_name=P5,remaining_time=59
114,RUNNING,process_name=P1,remaining_time=2
117,FINISHED,process_name=P1,proc_remaining=1
117,RUNNING,process_name=P5,remaining_time=56
174,FINISHED,process_name=P5,proc_remaining=0
Turnaround time 95
Time overhead 4.60 2.82
Makespan 174
