0,RUNNING,process_name=P1,remaining_time=100
1,RUNNING,process_name=P2,remaining_time=100
2,RUNNING,process_name=P1,remaining_time=99
3,RUNNING,process_name=P2,remaining_time=99
4,RUNNING,process_name=P1,remaining_time=98
5,RUNNING,process_name=P2,remaining_time=98
6,RUNNING,process_name=P1,remaining_time=97
7,RUNNING,process_name=P2,remaining_time=97
8,RUNNING,process_name=P1,remaining_time=96
9,RUNNING,process_name=P2,remaining_time=96
10,RUNNING,process_name=P1,remaining_time=95
11,RUNNING,process_name=P2,remaining_time=95
12,RUNNING,process_name=P1,remaining_time=94
13,RUNNING,process_name=P2,remaining_time=94
14,RUNNING,process_name=P1,remaining_time=93
15,RUNNING,process_name=P2,remaining_time=93
16,RUNNING,process_name=P1,remaining_time=92
17,RUNNING,process_name=P2,remaining_time=92
18,RUNNING,process_name=P1,remaining_time=91
19,RUNNING,process_name=P2,remaining_time=91
20,RUNNING,process_name=P1,remaining_time=90
21,RUNNING,process_name=P2,remaining_time=90
22,RUNNING,process_name=P1,remaining_time=89
23,RUNNING,process_name=P2,remaining_time=89
24,RUNNING,process_name=P1,remaining_time=88
25,RUNNING,process_name=P2,remaining_time=88
26,RUNNING,process_name=P1,remaining_time=87
27,RUNNING,process_name=P2,remaining_time=87
28,RUNNING,process_name=P1,remaining_time=86
29,RUNNING,process_name=P2,remaining_time=86
30,RUNNING,process_name=P1,remaining_time=85
31,RUNNING,process_name=P2,remaining_time=85
32,RUNNING,process_name=P1,remaining_time=84
33,RUNNING,process_name=P2,remaining_time=84
34,RUNNING,process_name=P1,remaining_time=83
35,RUNNING,process_name=P2,remaining_time=83
36,RUNNING,process_name=P1,remaining_time=82
37,RUNNING,process_name=P2,remaining_time=82
38,RUNNING,process_name=P1,remaining_time=81
39,RUNNING,process_name=P2,remaining_time=81
40,RUNNING,process_name=P1,remaining_time=80
41,RUNNING,process_name=P2,remaining_time=80
42,RUNNING,process_name=P1,remaining_time=79
43,RUNNING,process_name=P2,remaining_time=79
44,RUNNING,process_name=P1,remaining_time=78
45,RUNNING,process_name=P2,remaining_time=78
46,RUNNING,process_name=P1,remaining_time=77
47,RUNNING,process_name=P2,remaining_time=77
48,RUNNING,process_name=P1,remaining_time=76
49,RUNNING,process_name=P2,remaining_time=76
50,RUNNING,process_name=P1,remaining_time=75
51,RUNNING,process_name=P2,remaining_time=75
52,RUNNING,process_name=P1,remaining_time=74
53,RUNNING,process_name=P2,remaining_time=74
54,RUNNING,process_name=P1,remaining_time=73
55,RUNNING,process_name=P2,remaining_time=73
56,RUNNING,process_name=P1,remaining_time=72
57,RUNNING,process_name=P2,remaining_time=72
58,RUNNING,process_name=P1,remaining_time=71
59,RUNNING,process_name=P2,remaining_time=71
60,RUNNING,process_name=P1,remaining_time=70
61,RUNNING,process_name=P2,remaining_time=70
62,RUNNING,process_name=P1,remaining_time=69
63,RUNNING,process_name=P2,remaining_time=69
64,RUNNING,process_name=P1,remaining_time=68
65,RUNNING,process_name=P2,remaining_time=68
66,RUNNING,process_name=P1,remaining_time=67
67,RUNNING,process_name=P2,remaining_time=67
68,RUNNING,process_name=P1,remaining_time=66
69,RUNNING,process_name=P2,remaining_time=66
70,RUNNING,process_name=P1,remaining_time=65
71,RUNNING,process_name=P2,remaining_time=65
72,RUNNING,process_name=P1,remaining_time=64
73,RUNNING,process_name=P2,remaining_time=64
74,RUNNING,process_name=P1,remaining_time=63
75,RUNNING,process_name=P2,remaining_time=63
76,RUNNING,process_name=P1,remaining_time=62
77,RUNNING,process_name=P2,remaining_time=62
78,RUNNING,process_name=P1,remaining_time=61
79,RUNNING,process_name=P2,remaining_time=61
80,RUNNING,process_name=P1,remaining_time=60
81,RUNNING,process_name=P2,remaining_time=60
82,RUNNING,process_name=P1,remaining_time=59
83,RUNNING,process_name=P2,remaining_time=59
84,RUNNING,process_name=P1,remaining_time=58
85,RUNNING,process_name=P2,remaining_time=58
86,RUNNING,process_name=P1,remaining_time=57
87,RUNNING,process_name=P2,remaining_time=57
88,RUNNING,process_name=P1,remaining_time=56
89,RUNNING,process_name=P2,remaining_time=56
90,RUNNING,process_name=P1,remaining_time=55
91,RUNNING,process_name=P2,remaining_time=55
92,RUNNING,process_name=P1,remaining_time=54
93,RUNNING,process_name=P2,remaining_time=54
94,RUNNING,process_name=P1,remaining_time=53
95,RUNNING,process_name=P2,remaining_time=53
96,RUNNING,process_name=P1,remaining_time=52
97,RUNNING,process_name=P2,remaining_time=52
98,RUNNING,process_name=P1,remaining_time=51
99,RUNNING,process_name=P2,remaining_time=51
100,RUNNING,process_name=P1,remaining_time=50
101,RUNNING,process_name=P2,remaining_time=50
102,RUNNING,process_name=P1,remaining_time=49
103,RUNNING,process_name=P2,remaining_time=49
104,RUNNING,process_name=P1,remaining_time=48
105,RUNNING,process_name=P2,remaining_time=48
106,RUNNING,process_name=P1,remaining_time=47
107,RUNNING,process_name=P2,remaining_time=47
108,RUNNING,process_name=P1,remaining_time=46
109,RUNNING,process_name=P2,remaining_time=46
110,RUNNING,process_name=P1,remaining_time=45
111,RUNNING,process_name=P2,remaining_time=45
112,RUNNING,process_name=P1,remaining_time=44
113,RUNNING,process_name=P2,remaining_time=44
114,RUNNING,process_name=P1,remaining_time=43
115,RUNNING,process_name=P2,remaining_time=43
116,RUNNING,process_name=P1,remaining_time=42
117,RUNNING,process_name=P2,remaining_time=42
118,RUNNING,process_name=P1,remaining_time=41
119,RUNNING,process_name=P2,remaining_time=41
120,RUNNING,process_name=P1,remaining_time=40
121,RUNNING,process_name=P2,remaining_time=40
122,RUNNING,process_name=P1,remaining_time=39
123,RUNNING,process_name=P2,remaining_time=39
124,RUNNING,process_name=P1,remaining_time=38
125,RUNNING,process_name=P2,remaining_time=38
126,RUNNING,process_name=P1,remaining_time=37
127,RUNNING,process_name=P2,remaining_time=37
128,RUNNING,process_name=P1,remaining_time=36
129,RUNNING,process_name=P2,remaining_time=36
130,RUNNING,process_name=P1,remaining_time=35
131,RUNNING,process_name=P2,remaining_time=35
132,RUNNING,process_name=P1,remaining_time=34
133,RUNNING,process_name=P2,remaining_time=34
134,RUNNING,process_name=P1,remaining_time=33
135,RUNNING,process_name=P2,remaining_time=33
136,RUNNING,process_name=P1,remaining_time=32
137,RUNNING,process_name=P2,remaining_time=32
138,RUNNING,process_name=P1,remaining_time=31
139,RUNNING,process_name=P2,remaining_time=31
140,RUNNING,process_name=P1,remaining_time=30
141,RUNNING,process_name=P2,remaining_time=30
142,RUNNING,process_name=P1,remaining_time=29
143,RUNNING,process_name=P2,remaining_time=29
144,RUNNING,process_name=P1,remaining_time=28
145,RUNNING,process_name=P2,remaining_time=28
146,RUNNING,process_name=P1,remaining_time=27
147,RUNNING,process_name=P2,remaining_time=27
148,RUNNING,process_name=P1,remaining_time=26
149,RUNNING,process_name=P2,remaining_time=26
150,RUNNING,process_name=P1,remaining_time=25
151,RUNNING,process_name=P2,remaining_time=25
152,RUNNING,process_name=P1,remaining_time=24
153,RUNNING,process_name=P2,remaining_time=24
154,RUNNING,process_name=P1,remaining_time=23
155,RUNNING,process_name=P2,remaining_time=23
156,RUNNING,process_name=P1,remaining_time=22
157,RUNNING,process_name=P2,remaining_time=22
158,RUNNING,process_name=P1,remaining_time=21
159,RUNNING,process_name=P2,remaining_time=21
160,RUNNING,process_name=P1,remaining_time=20
161,RUNNING,process_name=P2,remaining_time=20
162,RUNNING,process_name=P1,remaining_time=19
163,RUNNING,process_name=P2,remaining_time=19
164,RUNNING,process_name=P1,remaining_time=18
165,RUNNING,process_name=P2,remaining_time=18
166,RUNNING,process_name=P1,remaining_time=17
167,RUNNING,process_name=P2,remaining_time=17
168,RUNNING,process_name=P1,remaining_time=16
169,RUNNING,process_name=P2,remaining_time=16
170,RUNNING,process_name=P1,remaining_time=15
171,RUNNING,process_name=P2,remaining_time=15
172,RUNNING,process_name=P1,remaining_time=14
173,RUNNING,process_name=P2,remaining_time=14
174,RUNNING,process_name=P1,remaining_time=13
175,RUNNING,process_name=P2,remaining_time=13
176,RUNNING,process_name=P1,remaining_time=12
177,RUNNING,process_name=P2,remaining_time=12
178,RUNNING,process_name=P1,remaining_time=11
179,RUNNING,process_name=P2,remaining_time=11
180,RUNNING,process_name=P1,remaining_time=10
181,RUNNING,process_name=P2,remaining_time=10
182,RUNNING,process_name=P1,remaining_time=9
183,RUNNING,process_name=P2,remaining_time=9
184,RUNNING,process_name=P1,remaining_time=8
185,RUNNING,process_name=P2,remaining_time=8
186,RUNNING,process_name=P1,remaining_time=7
187,RUNNING,process_name=P2,remaining_time=7
188,RUNNING,process_name=P1,remaining_time=6
189,RUNNING,process_name=P2,remaining_time=6
190,RUNNING,process_name=P1,remaining_time=5
191,RUNNING,process_name=P2,remaining_time=5
192,RUNNING,process_name=P1,remaining_time=4
193,RUNNING,process_name=P2,remaining_time=4
194,RUNNING,process_name=P1,remaining_time=3
195,RUNNING,process_name=P2,remaining_time=3
196,RUNNING,process_name=P1,remaining_time=2
197,RUNNING,process_name=P2,remaining_time=2
198,RUNNING,process_name=P1,remaining_time=1
199,FINISHED,process_name=P1,proc_remaining=1
199,FINISHED-PROCESS,process_name=P1,sha=c78227de3aa1e15ffd9f6cfc6b1315a648de76cf259bf880387a85a38b66a45e
199,RUNNING,process_name=P2,remaining_time=1
200,FINISHED,process_name=P2,proc_remaining=0
200,FINISHED-PROCESS,process_name=P2,sha=00225aed760829b5f7f39d4a39c4df22214892838ba001c3b4e82f1ab4f51e95
Turnaround time 200
Time overhead 2.00 2.00
Makespan 200
