0,RUNNING,process_name=P1,remaining_time=100
3,RUNNING,process_name=P2,remaining_time=100
6,RUNNING,process_name=P1,remaining_time=97
9,RUNNING,process_name=P2,remaining_time=97
12,RUNNING,process_name=P1,remaining_time=94
15,RUNNING,process_name=P2,remaining_time=94
18,RUNNING,process_name=P1,remaining_time=91
21,RUNNING,process_name=P2,remaining_time=91
24,RUNNING,process_name=P1,remaining_time=88
27,RUNNING,process_name=P2,remaining_time=88
30,RUNNING,process_name=P1,remaining_time=85
33,RUNNING,process_name=P2,remaining_time=85
36,RUNNING,process_name=P1,remaining_time=82
39,RUNNING,process_name=P2,remaining_time=82
42,RUNNING,process_name=P1,remaining_time=79
45,RUNNING,process_name=P2,remaining_time=79
48,RUNNING,process_name=P1,remaining_time=76
51,RUNNING,process_name=P2,remaining_time=76
54,RUNNING,process_name=P1,remaining_time=73
57,RUNNING,process_name=P2,remaining_time=73
60,RUNNING,process_name=P1,remaining_time=70
63,RUNNING,process_name=P2,remaining_time=70
66,RUNNING,process_name=P1,remaining_time=67
69,RUNNING,process_name=P2,remaining_time=67
72,RUNNING,process_name=P1,remaining_time=64
75,RUNNING,process_name=P2,remaining_time=64
78,RUNNING,process_name=P1,remaining_time=61
81,RUNNING,process_name=P2,remaining_time=61
84,RUNNING,process_name=P1,remaining_time=58
87,RUNNING,process_name=P2,remaining_time=58
90,RUNNING,process_name=P1,remaining_time=55
93,RUNNING,process_name=P2,remaining_time=55
96,RUNNING,process_name=P1,remaining_time=52
99,RUNNING,process_name=P2,remaining_time=52
102,RUNNING,process_name=P1,remaining_time=49
105,RUNNING,process_name=P2,remaining_time=49
108,RUNNING,process_name=P1,remaining_time=46
111,RUNNING,process_name=P2,remaining_time=46
114,RUNNING,process_name=P1,remaining_time=43
117,RUNNING,process_name=P2,remaining_time=43
120,RUNNING,process_name=P1,remaining_time=40
123,RUNNING,process_name=P2,remaining_time=40
126,RUNNING,process_name=P1,remaining_time=37
129,RUNNING,process_name=P2,remaining_time=37
132,RUNNING,process_name=P1,remaining_time=34
135,RUNNING,process_name=P2,remaining_time=34
138,RUNNING,process_name=P1,remaining_time=31
141,RUNNING,process_name=P2,remaining_time=31
144,RUNNING,process_name=P1,remaining_time=28
147,RUNNING,process_name=P2,remaining_time=28
150,RUNNING,process_name=P1,remaining_time=25
153,RUNNING,process_name=P2,remaining_time=25
156,RUNNING,process_name=P1,remaining_time=22
159,RUNNING,process_name=P2,remaining_time=22
162,RUNNING,process_name=P1,remaining_time=19
165,RUNNING,process_name=P2,remaining_time=19
168,RUNNING,process_name=P1,remaining_time=16
171,RUNNING,process_name=P2,remaining_time=16
174,RUNNING,process_name=P1,remaining_time=13
177,RUNNING,process_name=P2,remaining_time=13
180,RUNNING,process_name=P1,remaining_time=10
183,RUNNING,process_name=P2,remaining_time=10
186,RUNNING,process_name=P1,remaining_time=7
189,RUNNING,process_name=P2,remaining_time=7
192,RUNNING,process_name=P1,remaining_time=4
195,RUNNING,process_name=P2,remaining_time=4
198,RUNNING,process_name=P1,remaining_time=1
201,FINISHED,process_name=P1,proc_remaining=1
201,FINISHED-PROCESS,process_name=P1,sha=bf610522c142d335949dedc39f44825a1b7d7d8f514ee6fe4bd3811a78a4fea1
201,RUNNING,process_name=P2,remaining_time=1
204,FINISHED,process_name=P2,proc_remaining=0
204,FINISHED-PROCESS,process_name=P2,sha=b88aff793af2c5ec4da5145d139d61eabf26e85e439e9cf57f20621b788a7fca
Turnaround time 203
Time overhead 2.04 2.03
Makespan 204
